[  0%] Built target cloud_msgs_generate_messages_nodejs
[  0%] Built target cloud_msgs_generate_messages_lisp
[  0%] Built target topic_tools_generate_messages_nodejs
[  0%] Built target pcl_msgs_generate_messages_py
[  0%] Built target cloud_msgs_generate_messages_cpp
[  0%] Built target cloud_msgs_generate_messages_py
[  0%] Built target nav_msgs_generate_messages_nodejs
[35m[1mScanning dependencies of target transformFusion[0m
[  0%] Built target topic_tools_generate_messages_lisp
[  0%] Built target actionlib_generate_messages_cpp
[  0%] Built target std_srvs_generate_messages_py
[  0%] Built target topic_tools_generate_messages_eus
[  0%] Built target topic_tools_generate_messages_cpp
[  0%] Built target sensor_msgs_generate_messages_nodejs
[  0%] Built target nav_msgs_generate_messages_cpp
[  0%] Built target sensor_msgs_generate_messages_lisp
[  0%] Built target geometry_msgs_generate_messages_eus
[  0%] Built target roscpp_generate_messages_cpp
[  0%] Built target std_msgs_generate_messages_py
[  0%] Built target rosgraph_msgs_generate_messages_lisp
[  0%] Built target std_msgs_generate_messages_nodejs
[  0%] Built target dynamic_reconfigure_generate_messages_cpp
[  0%] Built target bond_generate_messages_lisp
[  0%] Built target rosgraph_msgs_generate_messages_cpp
[  0%] Built target tf_generate_messages_py
[  0%] Built target roscpp_generate_messages_nodejs
[  0%] Built target std_msgs_generate_messages_lisp
[  0%] Built target sensor_msgs_generate_messages_eus
[  0%] Built target std_msgs_generate_messages_cpp
[  0%] Built target sensor_msgs_generate_messages_cpp
[  0%] Built target nodelet_generate_messages_py
[  0%] Built target rosgraph_msgs_generate_messages_eus
[  0%] Built target sensor_msgs_generate_messages_py
[  0%] Built target geometry_msgs_generate_messages_nodejs
[  0%] Built target geometry_msgs_generate_messages_lisp
[  0%] Built target roscpp_generate_messages_py
[  0%] Built target bond_generate_messages_cpp
[  0%] Built target bond_generate_messages_eus
[  0%] Built target std_srvs_generate_messages_eus
[  0%] Built target roscpp_generate_messages_lisp
[ 12%] [32mBuilding CXX object CMakeFiles/transformFusion.dir/src/transformFusion.cpp.o[0m
[ 12%] Built target std_msgs_generate_messages_eus
[ 12%] Built target tf_generate_messages_lisp
[ 12%] Built target geometry_msgs_generate_messages_py
[ 12%] Built target tf_generate_messages_nodejs
[ 12%] Built target geometry_msgs_generate_messages_cpp
[ 12%] Built target rosgraph_msgs_generate_messages_nodejs
[ 12%] Built target actionlib_generate_messages_lisp
[ 12%] Built target bond_generate_messages_py
[ 12%] Built target nodelet_generate_messages_cpp
[ 12%] Built target actionlib_msgs_generate_messages_cpp
[ 12%] Built target std_srvs_generate_messages_nodejs
[ 12%] Built target tf_generate_messages_eus
[ 12%] Built target std_srvs_generate_messages_cpp
[ 12%] Built target pcl_ros_gencfg
[ 12%] Built target nodelet_generate_messages_lisp
[ 12%] Built target actionlib_msgs_generate_messages_eus
[ 12%] Built target rosgraph_msgs_generate_messages_py
[ 12%] Built target actionlib_msgs_generate_messages_lisp
[ 12%] Built target roscpp_generate_messages_eus
[ 12%] Built target actionlib_msgs_generate_messages_py
[ 12%] Built target actionlib_generate_messages_py
[ 12%] Built target nav_msgs_generate_messages_eus
[ 12%] Built target tf2_msgs_generate_messages_cpp
[ 12%] Built target tf2_msgs_generate_messages_py
[ 12%] Built target tf2_msgs_generate_messages_nodejs
[ 12%] Built target tf2_msgs_generate_messages_eus
[ 12%] Built target pcl_msgs_generate_messages_cpp
[ 12%] Built target dynamic_reconfigure_generate_messages_lisp
[ 12%] Built target dynamic_reconfigure_generate_messages_py
[ 12%] Built target nav_msgs_generate_messages_py
[ 12%] Built target dynamic_reconfigure_generate_messages_nodejs
[ 12%] Built target dynamic_reconfigure_gencfg
[ 12%] Built target dynamic_reconfigure_generate_messages_eus
[ 12%] Built target tf2_msgs_generate_messages_lisp
[ 12%] Built target nodelet_generate_messages_nodejs
[ 12%] Built target pcl_msgs_generate_messages_nodejs
[ 12%] Built target topic_tools_generate_messages_py
[ 12%] Built target bond_generate_messages_nodejs
[ 12%] Built target nav_msgs_generate_messages_lisp
[ 12%] Built target nodelet_generate_messages_eus
[ 12%] Built target actionlib_msgs_generate_messages_nodejs
[ 12%] Built target nodelet_topic_tools_gencfg
[ 12%] Built target std_srvs_generate_messages_lisp
[ 12%] Built target pcl_msgs_generate_messages_eus
[ 12%] Built target _catkin_empty_exported_target
[ 12%] Built target cloud_msgs_generate_messages_eus
[ 12%] Built target tf_generate_messages_cpp
[ 12%] Built target pcl_msgs_generate_messages_lisp
[ 12%] Built target actionlib_generate_messages_nodejs
[ 12%] Built target actionlib_generate_messages_eus
[ 37%] Built target featureAssociation
[ 62%] Built target mapOptmization
[ 87%] Built target imageProjection
In file included from [01m[K/usr/include/pcl-1.8/pcl/sample_consensus/sac_model.h:52:0[m[K,
                 from [01m[K/usr/include/pcl-1.8/pcl/sample_consensus/sac.h:45[m[K,
                 from [01m[K/usr/include/pcl-1.8/pcl/sample_consensus/ransac.h:44[m[K,
                 from [01m[K/usr/include/pcl-1.8/pcl/registration/icp.h:45[m[K,
                 from [01m[K/home/omnisky/aSLAMcodes/lego-loam-ws/src/LeGO-LOAM/LeGO-LOAM/include/utility.h:24[m[K,
                 from [01m[K/home/omnisky/aSLAMcodes/lego-loam-ws/src/LeGO-LOAM/LeGO-LOAM/src/transformFusion.cpp:33[m[K:
[01m[K/usr/include/pcl-1.8/pcl/sample_consensus/model_types.h:[m[K In function ‘[01m[Kvoid __static_initialization_and_destruction_0(int, int)[m[K’:
[01m[K/usr/include/pcl-1.8/pcl/sample_consensus/model_types.h:99:3:[m[K [01;35m[Kwarning: [m[K‘[01m[Kpcl::SAC_SAMPLE_SIZE[m[K’ is deprecated: This map is deprecated and is kept only to prevent breaking existing user code. Starting from PCL 1.8.0 model sample size is a protected member of the SampleConsensusModel class [[01;35m[K-Wdeprecated-declarations[m[K]
   [01;35m[KSAC_SAMPLE_SIZE[m[K (sample_size_pairs, sample_size_pairs + sizeof (sample_size_pairs) / sizeof (SampleSizeModel));
   [01;35m[K^~~~~~~~~~~~~~~[m[K
[01m[K/usr/include/pcl-1.8/pcl/sample_consensus/model_types.h:99:3:[m[K [01;36m[Knote: [m[Kdeclared here
[100%] [32m[1mLinking CXX executable /home/omnisky/aSLAMcodes/lego-loam-ws/devel/.private/lego_loam/lib/lego_loam/transformFusion[0m
[100%] Built target transformFusion
