[  0%] Built target nav_msgs_generate_messages_cpp
[  0%] Built target geometry_msgs_generate_messages_cpp
[  0%] Built target nav_msgs_generate_messages_py
[  0%] Built target std_msgs_generate_messages_eus
[  0%] Built target std_msgs_generate_messages_cpp
[  0%] Built target std_msgs_generate_messages_py
[  0%] Built target geometry_msgs_generate_messages_py
[  0%] Built target nav_msgs_generate_messages_nodejs
[  0%] Built target nav_msgs_generate_messages_eus
[  0%] Built target std_msgs_generate_messages_nodejs
[  0%] Built target geometry_msgs_generate_messages_nodejs
[  0%] Built target geometry_msgs_generate_messages_eus
[  0%] Built target _cloud_msgs_generate_messages_check_deps_cloud_info
[  0%] Built target std_msgs_generate_messages_lisp
[ 14%] Built target cloud_msgs_generate_messages_cpp
[ 42%] Built target nav_msgs_generate_messages_lisp
[ 42%] Built target cloud_msgs_generate_messages_eus
[ 42%] Built target geometry_msgs_generate_messages_lisp
[ 71%] Built target cloud_msgs_generate_messages_py
[ 85%] Built target cloud_msgs_generate_messages_nodejs
[100%] Built target cloud_msgs_generate_messages_lisp
[100%] Built target cloud_msgs_generate_messages
